<?xml version="1.0" encoding="UTF-8"?>
<testng-results ignored="0" total="1" passed="1" failed="0" skipped="0">
  <reporter-output>
  </reporter-output>
  <suite started-at="2021-08-31T22:12:06 BST" name="Default suite" finished-at="2021-08-31T22:12:09 BST" duration-ms="3450">
    <groups>
    </groups>
    <test started-at="2021-08-31T22:12:06 BST" name="Default test" finished-at="2021-08-31T22:12:09 BST" duration-ms="3450">
      <class name="tests.SolutionClass">
        <test-method is-config="true" signature="testSetUp()[pri:0, instance:tests.SolutionClass@4a7f959b]" started-at="2021-08-31T22:12:06 BST" name="testSetUp" finished-at="2021-08-31T22:12:09 BST" duration-ms="3407" status="PASS">
          <reporter-output>
          </reporter-output>
        </test-method> <!-- testSetUp -->
        <test-method signature="carTaxCheckTest()[pri:0, instance:tests.SolutionClass@4a7f959b]" started-at="2021-08-31T22:12:09 BST" name="carTaxCheckTest" finished-at="2021-08-31T22:12:09 BST" duration-ms="7" status="PASS">
          <reporter-output>
          </reporter-output>
        </test-method> <!-- carTaxCheckTest -->
        <test-method is-config="true" signature="tearDown()[pri:0, instance:tests.SolutionClass@4a7f959b]" started-at="2021-08-31T22:12:09 BST" name="tearDown" finished-at="2021-08-31T22:12:09 BST" duration-ms="1" status="PASS">
          <reporter-output>
          </reporter-output>
        </test-method> <!-- tearDown -->
      </class> <!-- tests.SolutionClass -->
    </test> <!-- Default test -->
  </suite> <!-- Default suite -->
</testng-results>
